{
  "Cucumber Features": {
    "coverage": {
      "/home/ubuntu/workspace/housing/app/controllers/application_controller.rb": [
        0,
        0,
        0,
        0,
        0
      ],
      "/home/ubuntu/workspace/housing/app/helpers/application_helper.rb": [
        0,
        0
      ]
    },
    "timestamp": 1476906050
  },
  "RSpec": {
    "coverage": {
      "/home/ubuntu/workspace/UCBerkeley_Housing/app/helpers/application_helper.rb": [
        1,
        null
      ],
      "/home/ubuntu/workspace/UCBerkeley_Housing/app/helpers/schedulers_helper.rb": [
        1,
        null
      ],
      "/home/ubuntu/workspace/UCBerkeley_Housing/app/mailers/scheduler_mailer.rb": [
        1,
        1,
        null,
        1,
        3,
        3,
        3,
        null,
        null,
        null
      ],
      "/home/ubuntu/workspace/UCBerkeley_Housing/app/mailers/application_mailer.rb": [
        1,
        1,
        1,
        null
      ]
    },
    "timestamp": 1476928069
  }
}
